<?xml version="1.0" encoding="UTF-8"?>
<testsuite xmlns:xsi="http://www.w3.org/2001/XMLSchema-instance" xsi:noNamespaceSchemaLocation="https://maven.apache.org/surefire/maven-surefire-plugin/xsd/surefire-test-report.xsd" version="3.0.2" name="com.unibuc.bookmanagement.unit_tests.endpoints.ReviewControllerTest" time="0.76" tests="1" errors="0" skipped="0" failures="0">
  <properties>
[...]
</properties>
  <testcase name="testViewReviewsForBook" classname="com.unibuc.bookmanagement.unit_tests.endpoints.ReviewControllerTest" time="0.139">
    <system-out><![CDATA[2025-05-29T08:06:30.004+03:00  INFO 4400 --- [           main] t.c.s.AnnotationConfigContextLoaderUtils : Could not detect default configuration classes for test class [com.unibuc.bookmanagement.unit_tests.endpoints.ReviewControllerTest]: ReviewControllerTest does not declare any static, non-private, non-final, nested classes annotated with @Configuration.
2025-05-29T08:06:30.014+03:00  INFO 4400 --- [           main] .b.t.c.SpringBootTestContextBootstrapper : Found @SpringBootConfiguration com.unibuc.bookmanagement.BookmanagementApplication for test class com.unibuc.bookmanagement.unit_tests.endpoints.ReviewControllerTest
2025-05-29T08:06:30.039+03:00 DEBUG 4400 --- [           main] .s.b.w.s.c.ApplicationServletEnvironment : Activating profiles [test]

  .   ____          _            __ _ _
 /\\ / ___'_ __ _ _(_)_ __  __ _ \ \ \ \
( ( )\___ | '_ | '_| | '_ \/ _` | \ \ \ \
 \\/  ___)| |_)| | | | | || (_| |  ) ) ) )
  '  |____| .__|_| |_|_| |_\__, | / / / /
 =========|_|==============|___/=/_/_/_/

 :: Spring Boot ::                (v3.4.0)

2025-05-29T08:06:30.049+03:00  INFO 4400 --- [           main] c.u.b.u.endpoints.ReviewControllerTest   : Starting ReviewControllerTest using Java 21.0.2 with PID 4400 (started by admin in D:\facultate\master\an1sem2\awbd\BookManagement\bookmanagement\bookmanagement)
2025-05-29T08:06:30.049+03:00  INFO 4400 --- [           main] c.u.b.u.endpoints.ReviewControllerTest   : The following 1 profile is active: "test"
2025-05-29T08:06:30.503+03:00 TRACE 4400 --- [           main] s.w.s.m.m.a.RequestMappingHandlerMapping : 
	c.u.b.c.ReviewController:
	{GET [/reviews/book/{id}]}: viewReviewsForBook(Long,int,int,Model)
	{GET [/reviews]}: getAllReviews()
	{GET [/reviews/add/{id}]}: showAddReviewForm(Long,Model)
	{POST [/reviews/add]}: addReview(ReviewDTO,BindingResult,Authentication,Model)
2025-05-29T08:06:30.512+03:00 TRACE 4400 --- [           main] s.w.s.m.m.a.RequestMappingHandlerMapping : 
	o.s.b.a.w.s.e.BasicErrorController:
	{ [/error]}: error(HttpServletRequest)
	{ [/error], produces [text/html]}: errorHtml(HttpServletRequest,HttpServletResponse)
2025-05-29T08:06:30.512+03:00 DEBUG 4400 --- [           main] s.w.s.m.m.a.RequestMappingHandlerMapping : 6 mappings in 'requestMappingHandlerMapping'
2025-05-29T08:06:30.516+03:00 DEBUG 4400 --- [           main] o.s.w.s.h.BeanNameUrlHandlerMapping      : Detected 0 mappings in 'beanNameHandlerMapping'
2025-05-29T08:06:30.541+03:00 TRACE 4400 --- [           main] o.s.w.s.f.support.RouterFunctionMapping  : 0 RouterFunction(s) in 'routerFunctionMapping'
2025-05-29T08:06:30.548+03:00 TRACE 4400 --- [           main] o.s.w.s.handler.SimpleUrlHandlerMapping  : Mapped [/webjars/**] onto ResourceHttpRequestHandler [classpath [META-INF/resources/webjars/]]
2025-05-29T08:06:30.549+03:00 TRACE 4400 --- [           main] o.s.w.s.handler.SimpleUrlHandlerMapping  : Mapped [/**] onto ResourceHttpRequestHandler [classpath [META-INF/resources/], classpath [resources/], classpath [static/], classpath [public/], ServletContext [/]]
2025-05-29T08:06:30.549+03:00 DEBUG 4400 --- [           main] o.s.w.s.handler.SimpleUrlHandlerMapping  : Patterns [/webjars/**, /**] in 'resourceHandlerMapping'
2025-05-29T08:06:30.553+03:00 DEBUG 4400 --- [           main] s.w.s.m.m.a.RequestMappingHandlerAdapter : ControllerAdvice beans: 0 @ModelAttribute, 0 @InitBinder, 1 RequestBodyAdvice, 1 ResponseBodyAdvice
2025-05-29T08:06:30.565+03:00 DEBUG 4400 --- [           main] .m.m.a.ExceptionHandlerExceptionResolver : ControllerAdvice beans: 0 @ExceptionHandler, 1 ResponseBodyAdvice
2025-05-29T08:06:30.579+03:00  WARN 4400 --- [           main] .s.s.UserDetailsServiceAutoConfiguration : 

Using generated security password: 915d4322-0918-4bf3-a5e8-146f19b20945

This generated password is for development use only. Your security configuration must be updated before running your application in production.

2025-05-29T08:06:30.581+03:00  INFO 4400 --- [           main] r$InitializeUserDetailsManagerConfigurer : Global AuthenticationManager configured with UserDetailsService bean with name inMemoryUserDetailsManager
2025-05-29T08:06:30.608+03:00  INFO 4400 --- [           main] o.s.b.t.m.w.SpringBootMockServletContext : Initializing Spring TestDispatcherServlet ''
2025-05-29T08:06:30.608+03:00  INFO 4400 --- [           main] o.s.t.web.servlet.TestDispatcherServlet  : Initializing Servlet ''
2025-05-29T08:06:30.608+03:00  INFO 4400 --- [           main] o.s.t.web.servlet.TestDispatcherServlet  : Completed initialization in 0 ms
2025-05-29T08:06:30.616+03:00  INFO 4400 --- [           main] c.u.b.u.endpoints.ReviewControllerTest   : Started ReviewControllerTest in 0.598 seconds (process running for 25.78)
2025-05-29T08:06:30.632+03:00 TRACE 4400 --- [           main] s.w.s.m.m.a.RequestMappingHandlerMapping : Mapped to com.unibuc.bookmanagement.controllers.ReviewController#viewReviewsForBook(Long, int, int, Model)
2025-05-29T08:06:30.643+03:00  INFO 4400 --- [           main] c.u.b.controllers.ReviewController       : Se afișează recenziile pentru cartea cu ID-ul: 1, pagină: 0, dimensiune: 5
2025-05-29T08:06:30.645+03:00 TRACE 4400 --- [           main] s.w.s.m.m.a.RequestMappingHandlerAdapter : Applying default cacheSeconds=-1
2025-05-29T08:06:30.646+03:00 TRACE 4400 --- [           main] o.t.spring6.view.ThymeleafViewResolver   : [THYMELEAF] View view-reviews will be handled by ThymeleafViewResolver and a ThymeleafView instance will be created for it
2025-05-29T08:06:30.646+03:00 DEBUG 4400 --- [           main] o.s.w.s.v.ContentNegotiatingViewResolver : Selected '*/*' given [*/*]
2025-05-29T08:06:30.646+03:00 DEBUG 4400 --- [           main] org.thymeleaf.TemplateEngine             : [THYMELEAF] INITIALIZING TEMPLATE ENGINE
2025-05-29T08:06:30.660+03:00 TRACE 4400 --- [           main] o.t.TemplateEngine.cache.TEMPLATE_CACHE  : [THYMELEAF][CACHE_INITIALIZE] Initializing cache TEMPLATE_CACHE. Max size: 200. Soft references are used.
2025-05-29T08:06:30.668+03:00 TRACE 4400 --- [           main] org.thymeleaf.TemplateEngine.CONFIG      : Initializing Thymeleaf Template engine configuration...
[THYMELEAF] TEMPLATE ENGINE CONFIGURATION:
[THYMELEAF] * Thymeleaf version: 3.1.2.RELEASE (built 2023-07-30T19:25:50+0000)
[THYMELEAF] * Cache Manager implementation: org.thymeleaf.cache.StandardCacheManager
[THYMELEAF] * Template resolvers:
[THYMELEAF]     * org.thymeleaf.spring6.templateresolver.SpringResourceTemplateResolver
[THYMELEAF] * Message resolvers:
[THYMELEAF]     * org.thymeleaf.spring6.messageresolver.SpringMessageResolver
[THYMELEAF] * Link builders:
[THYMELEAF]     * org.thymeleaf.linkbuilder.StandardLinkBuilder
[THYMELEAF] * Dialect [1 of 2]: SpringStandard (org.thymeleaf.spring6.dialect.SpringStandardDialect)
[THYMELEAF]     * Prefix: "th"
[THYMELEAF]     * Processors for Template Mode: HTML
[THYMELEAF]         * Element Tag Processors by [matching element and attribute name] [precedence]:
[THYMELEAF]             * [* {th:include,data-th-include}] [100]: org.thymeleaf.standard.processor.StandardIncludeTagProcessor
[THYMELEAF]             * [* {th:insert,data-th-insert}] [100]: org.thymeleaf.standard.processor.StandardInsertTagProcessor
[THYMELEAF]             * [* {th:replace,data-th-replace}] [100]: org.thymeleaf.standard.processor.StandardReplaceTagProcessor
[THYMELEAF]             * [* {th:each,data-th-each}] [200]: org.thymeleaf.standard.processor.StandardEachTagProcessor
[THYMELEAF]             * [* {th:switch,data-th-switch}] [250]: org.thymeleaf.standard.processor.StandardSwitchTagProcessor
[THYMELEAF]             * [* {th:case,data-th-case}] [275]: org.thymeleaf.standard.processor.StandardCaseTagProcessor
[THYMELEAF]             * [* {th:if,data-th-if}] [300]: org.thymeleaf.standard.processor.StandardIfTagProcessor
[THYMELEAF]             * [* {th:unless,data-th-unless}] [400]: org.thymeleaf.standard.processor.StandardUnlessTagProcessor
[THYMELEAF]             * [* {th:object,data-th-object}] [500]: org.thymeleaf.spring6.processor.SpringObjectTagProcessor
[THYMELEAF]             * [* {th:with,data-th-with}] [600]: org.thymeleaf.standard.processor.StandardWithTagProcessor
[THYMELEAF]             * [* {th:attr,data-th-attr}] [700]: org.thymeleaf.standard.processor.StandardAttrTagProcessor
[THYMELEAF]             * [* {th:attrprepend,data-th-attrprepend}] [800]: org.thymeleaf.standard.processor.StandardAttrprependTagProcessor
[THYMELEAF]             * [* {th:attrappend,data-th-attrappend}] [900]: org.thymeleaf.standard.processor.StandardAttrappendTagProcessor
[THYMELEAF]             * [* {th:method,data-th-method}] [990]: org.thymeleaf.spring6.processor.SpringMethodTagProcessor
[THYMELEAF]             * [* {th:alt-title,data-th-alt-title}] [990]: org.thymeleaf.standard.processor.StandardAltTitleTagProcessor
[THYMELEAF]             * [* {th:lang-xmllang,data-th-lang-xmllang}] [990]: org.thymeleaf.standard.processor.StandardLangXmlLangTagProcessor
[THYMELEAF]             * [* {th:action,data-th-action}] [1000]: org.thymeleaf.spring6.processor.SpringActionTagProcessor
[THYMELEAF]             * [* {th:href,data-th-href}] [1000]: org.thymeleaf.spring6.processor.SpringHrefTagProcessor
[THYMELEAF]             * [* {th:src,data-th-src}] [1000]: org.thymeleaf.spring6.processor.SpringSrcTagProcessor
[THYMELEAF]             * [* {th:hidden,data-th-hidden}] [1000]: org.thymeleaf.standard.processor.StandardConditionalFixedValueTagProcessor
[THYMELEAF]             * [* {th:novalidate,data-th-novalidate}] [1000]: org.thymeleaf.standard.processor.StandardConditionalFixedValueTagProcessor
[THYMELEAF]             * [* {th:seamless,data-th-seamless}] [1000]: org.thymeleaf.standard.processor.StandardConditionalFixedValueTagProcessor
[THYMELEAF]             * [* {th:default,data-th-default}] [1000]: org.thymeleaf.standard.processor.StandardConditionalFixedValueTagProcessor
[THYMELEAF]             * [* {th:open,data-th-open}] [1000]: org.thymeleaf.standard.processor.StandardConditionalFixedValueTagProcessor
[THYMELEAF]             * [* {th:nowrap,data-th-nowrap}] [1000]: org.thymeleaf.standard.processor.StandardConditionalFixedValueTagProcessor
[THYMELEAF]             * [* {th:reversed,data-th-reversed}] [1000]: org.thymeleaf.standard.processor.StandardConditionalFixedValueTagProcessor
[THYMELEAF]             * [* {th:checked,data-th-checked}] [1000]: org.thymeleaf.standard.processor.StandardConditionalFixedValueTagProcessor
[THYMELEAF]             * [* {th:defer,data-th-defer}] [1000]: org.thymeleaf.standard.processor.StandardConditionalFixedValueTagProcessor
[THYMELEAF]             * [* {th:required,data-th-required}] [1000]: org.thymeleaf.standard.processor.StandardConditionalFixedValueTagProcessor
[THYMELEAF]             * [* {th:formnovalidate,data-th-formnovalidate}] [1000]: org.thymeleaf.standard.processor.StandardConditionalFixedValueTagProcessor
[THYMELEAF]             * [* {th:pubdate,data-th-pubdate}] [1000]: org.thymeleaf.standard.processor.StandardConditionalFixedValueTagProcessor
[THYMELEAF]             * [* {th:loop,data-th-loop}] [1000]: org.thymeleaf.standard.processor.StandardConditionalFixedValueTagProcessor
[THYMELEAF]             * [* {th:autofocus,data-th-autofocus}] [1000]: org.thymeleaf.standard.processor.StandardConditionalFixedValueTagProcessor
[THYMELEAF]             * [* {th:scoped,data-th-scoped}] [1000]: org.thymeleaf.standard.processor.StandardConditionalFixedValueTagProcessor
[THYMELEAF]             * [* {th:selected,data-th-selected}] [1000]: org.thymeleaf.standard.processor.StandardConditionalFixedValueTagProcessor
[THYMELEAF]             * [* {th:async,data-th-async}] [1000]: org.thymeleaf.standard.processor.StandardConditionalFixedValueTagProcessor
[THYMELEAF]             * [* {th:declare,data-th-declare}] [1000]: org.thymeleaf.standard.processor.StandardConditionalFixedValueTagProcessor
[THYMELEAF]             * [* {th:multiple,data-th-multiple}] [1000]: org.thymeleaf.standard.processor.StandardConditionalFixedValueTagProcessor
[THYMELEAF]             * [* {th:disabled,data-th-disabled}] [1000]: org.thymeleaf.standard.processor.StandardConditionalFixedValueTagProcessor
[THYMELEAF]             * [* {th:ismap,data-th-ismap}] [1000]: org.thymeleaf.standard.processor.StandardConditionalFixedValueTagProcessor
[THYMELEAF]             * [* {th:controls,data-th-controls}] [1000]: org.thymeleaf.standard.processor.StandardConditionalFixedValueTagProcessor
[THYMELEAF]             * [* {th:autoplay,data-th-autoplay}] [1000]: org.thymeleaf.standard.processor.StandardConditionalFixedValueTagProcessor
[THYMELEAF]             * [* {th:readonly,data-th-readonly}] [1000]: org.thymeleaf.standard.processor.StandardConditionalFixedValueTagProcessor
[THYMELEAF]             * [* {th:onafterprint,data-th-onafterprint}] [1000]: org.thymeleaf.standard.processor.StandardDOMEventAttributeTagProcessor
[THYMELEAF]             * [* {th:onmouseover,data-th-onmouseover}] [1000]: org.thymeleaf.standard.processor.StandardDOMEventAttributeTagProcessor
[THYMELEAF]             * [* {th:onseeking,data-th-onseeking}] [1000]: org.thymeleaf.standard.processor.StandardDOMEventAttributeTagProcessor
[THYMELEAF]             * [* {th:onmouseup,data-th-onmouseup}] [1000]: org.thymeleaf.standard.processor.StandardDOMEventAttributeTagProcessor
[THYMELEAF]             * [* {th:onvolumechange,data-th-onvolumechange}] [1000]: org.thymeleaf.standard.processor.StandardDOMEventAttributeTagProcessor
[THYMELEAF]             * [* {th:onloadeddata,data-th-onloadeddata}] [1000]: org.thymeleaf.standard.processor.StandardDOMEventAttributeTagProcessor
[THYMELEAF]             * [* {th:ondrop,data-th-ondrop}] [1000]: org.thymeleaf.standard.processor.StandardDOMEventAttributeTagProcessor
[THYMELEAF]             * [* {th:onemptied,data-th-onemptied}] [1000]: org.thymeleaf.standard.processor.StandardDOMEventAttributeTagProcessor
[THYMELEAF]             * [* {th:onhashchange,data-th-onhashchange}] [1000]: org.thymeleaf.standard.processor.StandardDOMEventAttributeTagProcessor
[THYMELEAF]             * [* {th:onstalled,data-th-onstalled}] [1000]: org.thymeleaf.standard.processor.StandardDOMEventAttributeTagProcessor
[THYMELEAF]             * [* {th:ondblclick,data-th-ondblclick}] [1000]: org.thymeleaf.standard.processor.StandardDOMEventAttributeTagProcessor
[THYMELEAF]             * [* {th:ononline,data-th-ononline}] [1000]: org.thymeleaf.standard.processor.StandardDOMEventAttributeTagProcessor
[THYMELEAF]             * [* {th:onreadystatechange,data-th-onreadystatechange}] [1000]: org.thymeleaf.standard.processor.StandardDOMEventAttributeTagProcessor
[THYMELEAF]             * [* {th:onended,data-th-onended}] [1000]: org.thymeleaf.standard.processor.StandardDOMEventAttributeTagProcessor
[THYMELEAF]             * [* {th:onchange,data-th-onchange}] [1000]: org.thymeleaf.standard.processor.StandardDOMEventAttributeTagProcessor
[THYMELEAF]             * [* {th:ondrag,data-th-ondrag}] [1000]: org.thymeleaf.standard.processor.StandardDOMEventAttributeTagProcessor
[THYMELEAF]             * [* {th:onerror,data-th-onerror}] [1000]: org.thymeleaf.standard.processor.StandardDOMEventAttributeTagProcessor
[THYMELEAF]             * [* {th:onmessage,data-th-onmessage}] [1000]: org.thymeleaf.standard.processor.StandardDOMEventAttributeTagProcessor
[THYMELEAF]             * [* {th:onoffline,data-th-onoffline}] [1000]: org.thymeleaf.standard.processor.StandardDOMEventAttributeTagProcessor
[THYMELEAF]             * [* {th:ondragenter,data-th-ondragenter}] [1000]: org.thymeleaf.standard.processor.StandardDOMEventAttributeTagProcessor
[THYMELEAF]             * [* {th:onredo,data-th-onredo}] [1000]: org.thymeleaf.standard.processor.StandardDOMEventAttributeTagProcessor
[THYMELEAF]             * [* {th:onscroll,data-th-onscroll}] [1000]: org.thymeleaf.standard.processor.StandardDOMEventAttributeTagProcessor
[THYMELEAF]             * [* {th:onfocus,data-th-onfocus}] [1000]: org.thymeleaf.standard.processor.StandardDOMEventAttributeTagProcessor
[THYMELEAF]             * [* {th:onmousemove,data-th-onmousemove}] [1000]: org.thymeleaf.standard.processor.StandardDOMEventAttributeTagProcessor
[THYMELEAF]             * [* {th:ondragstart,data-th-ondragstart}] [1000]: org.thymeleaf.standard.processor.StandardDOMEventAttributeTagProcessor
[THYMELEAF]             * [* {th:onbeforeprint,data-th-onbeforeprint}] [1000]: org.thymeleaf.standard.processor.StandardDOMEventAttributeTagProcessor
[THYMELEAF]             * [* {th:onclick,data-th-onclick}] [1000]: org.thymeleaf.standard.processor.StandardDOMEventAttributeTagProcessor
[THYMELEAF]             * [* {th:oninput,data-th-oninput}] [1000]: org.thymeleaf.standard.processor.StandardDOMEventAttributeTagProcessor
[THYMELEAF]             * [* {th:onselect,data-th-onselect}] [1000]: org.thymeleaf.standard.processor.StandardDOMEventAttributeTagProcessor
[THYMELEAF]             * [* {th:oncanplaythrough,data-th-oncanplaythrough}] [1000]: org.thymeleaf.standard.processor.StandardDOMEventAttributeTagProcessor
[THYMELEAF]             * [* {th:onreset,data-th-onreset}] [1000]: org.thymeleaf.standard.processor.StandardDOMEventAttributeTagProcessor
[THYMELEAF]             * [* {th:onplaying,data-th-onplaying}] [1000]: org.thymeleaf.standard.processor.StandardDOMEventAttributeTagProcessor
[THYMELEAF]             * [* {th:onload,data-th-onload}] [1000]: org.thymeleaf.standard.processor.StandardDOMEventAttributeTagProcessor
[THYMELEAF]             * [* {th:onseeked,data-th-onseeked}] [1000]: org.thymeleaf.standard.processor.StandardDOMEventAttributeTagProcessor
[THYMELEAF]             * [* {th:onratechange,data-th-onratechange}] [1000]: org.thymeleaf.standard.processor.StandardDOMEventAttributeTagProcessor
[THYMELEAF]             * [* {th:onplay,data-th-onplay}] [1000]: org.thymeleaf.standard.processor.StandardDOMEventAttributeTagProcessor
[THYMELEAF]             * [* {th:oncanplay,data-th-oncanplay}] [1000]: org.thymeleaf.standard.processor.StandardDOMEventAttributeTagProcessor
[THYMELEAF]             * [* {th:onsubmit,data-th-onsubmit}] [1000]: org.thymeleaf.standard.processor.StandardDOMEventAttributeTagProcessor
[THYMELEAF]             * [* {th:onformchange,data-th-onformchange}] [1000]: org.thymeleaf.standard.processor.StandardDOMEventAttributeTagProcessor
[THYMELEAF]             * [* {th:onmousedown,data-th-onmousedown}] [1000]: org.thymeleaf.standard.processor.StandardDOMEventAttributeTagProcessor
[THYMELEAF]             * [* {th:onprogress,data-th-onprogress}] [1000]: org.thymeleaf.standard.processor.StandardDOMEventAttributeTagProcessor
[THYMELEAF]             * [* {th:ondurationchange,data-th-ondurationchange}] [1000]: org.thymeleaf.standard.processor.StandardDOMEventAttributeTagProcessor
[THYMELEAF]             * [* {th:onblur,data-th-onblur}] [1000]: org.thymeleaf.standard.processor.StandardDOMEventAttributeTagProcessor
[THYMELEAF]             * [* {th:onpause,data-th-onpause}] [1000]: org.thymeleaf.standard.processor.StandardDOMEventAttributeTagProcessor
[THYMELEAF]             * [* {th:onkeyup,data-th-onkeyup}] [1000]: org.thymeleaf.standard.processor.StandardDOMEventAttributeTagProcessor
[THYMELEAF]             * [* {th:onpopstate,data-th-onpopstate}] [1000]: org.thymeleaf.standard.processor.StandardDOMEventAttributeTagProcessor
[THYMELEAF]             * [* {th:onmousewheel,data-th-onmousewheel}] [1000]: org.thymeleaf.standard.processor.StandardDOMEventAttributeTagProcessor
[THYMELEAF]             * [* {th:ondragend,data-th-ondragend}] [1000]: org.thymeleaf.standard.processor.StandardDOMEventAttributeTagProcessor
[THYMELEAF]             * [* {th:onabort,data-th-onabort}] [1000]: org.thymeleaf.standard.processor.StandardDOMEventAttributeTagProcessor
[THYMELEAF]             * [* {th:onmouseout,data-th-onmouseout}] [1000]: org.thymeleaf.standard.processor.StandardDOMEventAttributeTagProcessor
[THYMELEAF]             * [* {th:onresize,data-th-onresize}] [1000]: org.thymeleaf.standard.processor.StandardDOMEventAttributeTagProcessor
[THYMELEAF]             * [* {th:onkeypress,data-th-onkeypress}] [1000]: org.thymeleaf.standard.processor.StandardDOMEventAttributeTagProcessor
[THYMELEAF]             * [* {th:onloadedmetadata,data-th-onloadedmetadata}] [1000]: org.thymeleaf.standard.processor.StandardDOMEventAttributeTagProcessor
[THYMELEAF]             * [* {th:onundo,data-th-onundo}] [1000]: org.thymeleaf.standard.processor.StandardDOMEventAttributeTagProcessor
[THYMELEAF]             * [* {th:oncontextmenu,data-th-oncontextmenu}] [1000]: org.thymeleaf.standard.processor.StandardDOMEventAttributeTagProcessor
[THYMELEAF]             * [* {th:onstorage,data-th-onstorage}] [1000]: org.thymeleaf.standard.processor.StandardDOMEventAttributeTagProcessor
[THYMELEAF]             * [* {th:onbeforeunload,data-th-onbeforeunload}] [1000]: org.thymeleaf.standard.processor.StandardDOMEventAttributeTagProcessor
[THYMELEAF]             * [* {th:onunload,data-th-onunload}] [1000]: org.thymeleaf.standard.processor.StandardDOMEventAttributeTagProcessor
[THYMELEAF]             * [* {th:ondragover,data-th-ondragover}] [1000]: org.thymeleaf.standard.processor.StandardDOMEventAttributeTagProcessor
[THYMELEAF]             * [* {th:onforminput,data-th-onforminput}] [1000]: org.thymeleaf.standard.processor.StandardDOMEventAttributeTagProcessor
[THYMELEAF]             * [* {th:onloadstart,data-th-onloadstart}] [1000]: org.thymeleaf.standard.processor.StandardDOMEventAttributeTagProcessor
[THYMELEAF]             * [* {th:ontimeupdate,data-th-ontimeupdate}] [1000]: org.thymeleaf.standard.processor.StandardDOMEventAttributeTagProcessor
[THYMELEAF]             * [* {th:ondragleave,data-th-ondragleave}] [1000]: org.thymeleaf.standard.processor.StandardDOMEventAttributeTagProcessor
[THYMELEAF]             * [* {th:onkeydown,data-th-onkeydown}] [1000]: org.thymeleaf.standard.processor.StandardDOMEventAttributeTagProcessor
[THYMELEAF]             * [* {th:onwaiting,data-th-onwaiting}] [1000]: org.thymeleaf.standard.processor.StandardDOMEventAttributeTagProcessor
[THYMELEAF]             * [* {th:oninvalid,data-th-oninvalid}] [1000]: org.thymeleaf.standard.processor.StandardDOMEventAttributeTagProcessor
[THYMELEAF]             * [* {th:onsuspend,data-th-onsuspend}] [1000]: org.thymeleaf.standard.processor.StandardDOMEventAttributeTagProcessor
[THYMELEAF]             * [* {th:onshow,data-th-onshow}] [1000]: org.thymeleaf.standard.processor.StandardDOMEventAttributeTagProcessor
[THYMELEAF]             * [* {th:inline,data-th-inline}] [1000]: org.thymeleaf.standard.processor.StandardInlineHTMLTagProcessor
[THYMELEAF]             * [* {th:type,data-th-type}] [1000]: org.thymeleaf.standard.processor.StandardNonRemovableAttributeTagProcessor
[THYMELEAF]             * [* {th:name,data-th-name}] [1000]: org.thymeleaf.standard.processor.StandardNonRemovableAttributeTagProcessor
[THYMELEAF]             * [* {th:keytype,data-th-keytype}] [1000]: org.thymeleaf.standard.processor.StandardRemovableAttributeTagProcessor
[THYMELEAF]             * [* {th:axis,data-th-axis}] [1000]: org.thymeleaf.standard.processor.StandardRemovableAttributeTagProcessor
[THYMELEAF]             * [* {th:max,data-th-max}] [1000]: org.thymeleaf.standard.processor.StandardRemovableAttributeTagProcessor
[THYMELEAF]             * [* {th:low,data-th-low}] [1000]: org.thymeleaf.standard.processor.StandardRemovableAttributeTagProcessor
[THYMELEAF]             * [* {th:border,data-th-border}] [1000]: org.thymeleaf.standard.processor.StandardRemovableAttributeTagProcessor
[THYMELEAF]             * [* {th:background,data-th-background}] [1000]: org.thymeleaf.standard.processor.StandardRemovableAttributeTagProcessor
[THYMELEAF]             * [* {th:dropzone,data-th-dropzone}] [1000]: org.thymeleaf.standard.processor.StandardRemovableAttributeTagProcessor
[THYMELEAF]             * [* {th:optimum,data-th-optimum}] [1000]: org.thymeleaf.standard.processor.StandardRemovableAttributeTagProcessor
[THYMELEAF]             * [* {th:title,data-th-title}] [1000]: org.thymeleaf.standard.processor.StandardRemovableAttributeTagProcessor
[THYMELEAF]             * [* {th:archive,data-th-archive}] [1000]: org.thymeleaf.standard.processor.StandardRemovableAttributeTagProcessor
[THYMELEAF]             * [* {th:maxlength,data-th-maxlength}] [1000]: org.thymeleaf.standard.processor.StandardRemovableAttributeTagProcessor
[THYMELEAF]             * [* {th:rowspan,data-th-rowspan}] [1000]: org.thymeleaf.standard.processor.StandardRemovableAttributeTagProcessor
[THYMELEAF]             * [* {th:cellspacing,data-th-cellspacing}] [1000]: org.thymeleaf.standard.processor.StandardRemovableAttributeTagProcessor
[THYMELEAF]             * [* {th:cellpadding,data-th-cellpadding}] [1000]: org.thymeleaf.standard.processor.StandardRemovableAttributeTagProcessor
[THYMELEAF]             * [* {th:frameborder,data-th-frameborder}] [1000]: org.thymeleaf.standard.processor.StandardRemovableAttributeTagProcessor
[THYMELEAF]             * [* {th:content,data-th-content}] [1000]: org.thymeleaf.standard.processor.StandardRemovableAttributeTagProcessor
[THYMELEAF]             * [* {th:sizes,data-th-sizes}] [1000]: org.thymeleaf.standard.processor.StandardRemovableAttributeTagProcessor
[THYMELEAF]             * [* {th:formenctype,data-th-formenctype}] [1000]: org.thymeleaf.standard.processor.StandardRemovableAttributeTagProcessor
[THYMELEAF]             * [* {th:rules,data-th-rules}] [1000]: org.thymeleaf.standard.processor.StandardRemovableAttributeTagProcessor
[THYMELEAF]             * [* {th:longdesc,data-th-longdesc}] [1000]: org.thymeleaf.standard.processor.StandardRemovableAttributeTagProcessor
[THYMELEAF]             * [* {th:codetype,data-th-codetype}] [1000]: org.thymeleaf.standard.processor.StandardRemovableAttributeTagProcessor
[THYMELEAF]             * [* {th:draggable,data-th-draggable}] [1000]: org.thymeleaf.standard.processor.StandardRemovableAttributeTagProcessor
[THYMELEAF]             * [* {th:scrolling,data-th-scrolling}] [1000]: org.thymeleaf.standard.processor.StandardRemovableAttributeTagProcessor
[THYMELEAF]             * [* {th:style,data-th-style}] [1000]: org.thymeleaf.standard.processor.StandardRemovableAttributeTagProcessor
[THYMELEAF]             * [* {th:enctype,data-th-enctype}] [1000]: org.thymeleaf.standard.processor.StandardRemovableAttributeTagProcessor
[THYMELEAF]             * [* {th:form,data-th-form}] [1000]: org.thymeleaf.standard.processor.StandardRemovableAttributeTagProcessor
[THYMELEAF]             * [* {th:preload,data-th-preload}] [1000]: org.thymeleaf.standard.processor.StandardRemovableAttributeTagProcessor
[THYMELEAF]             * [* {th:media,data-th-media}] [1000]: org.thymeleaf.standard.processor.StandardRemovableAttributeTagProcessor
[THYMELEAF]             * [* {th:pattern,data-th-pattern}] [1000]: org.thymeleaf.standard.processor.StandardRemovableAttributeTagProcessor
[THYMELEAF]             * [* {th:for,data-th-for}] [1000]: org.thymeleaf.standard.processor.StandardRemovableAttributeTagProcessor
[THYMELEAF]             * [* {th:label,data-th-label}] [1000]: org.thymeleaf.standard.processor.StandardRemovableAttributeTagProcessor
[THYMELEAF]             * [* {th:scope,data-th-scope}] [1000]: org.thymeleaf.standard.processor.StandardRemovableAttributeTagProcessor
[THYMELEAF]             * [* {th:step,data-th-step}] [1000]: org.thymeleaf.standard.processor.StandardRemovableAttributeTagProcessor
[THYMELEAF]             * [* {th:accept-charset,data-th-accept-charset}] [1000]: org.thymeleaf.standard.processor.StandardRemovableAttributeTagProcessor
[THYMELEAF]             * [* {th:marginwidth,data-th-marginwidth}] [1000]: org.thymeleaf.standard.processor.StandardRemovableAttributeTagProcessor
[THYMELEAF]             * [* {th:srclang,data-th-srclang}] [1000]: org.thymeleaf.standard.processor.StandardRemovableAttributeTagProcessor
[THYMELEAF]             * [* {th:standby,data-th-standby}] [1000]: org.thymeleaf.standard.processor.StandardRemovableAttributeTagProcessor
[THYMELEAF]             * [* {th:span,data-th-span}] [1000]: org.thymeleaf.standard.processor.StandardRemovableAttributeTagProcessor
[THYMELEAF]             * [* {th:alt,data-th-alt}] [1000]: org.thymeleaf.standard.processor.StandardRemovableAttributeTagProcessor
[THYMELEAF]             * [* {th:contextmenu,data-th-contextmenu}] [1000]: org.thymeleaf.standard.processor.StandardRemovableAttributeTagProcessor
[THYMELEAF]             * [* {th:frame,data-th-frame}] [1000]: org.thymeleaf.standard.processor.StandardRemovableAttributeTagProcessor
[THYMELEAF]             * [* {th:data,data-th-data}] [1000]: org.thymeleaf.standard.processor.StandardRemovableAttributeTagProcessor
[THYMELEAF]             * [* {th:lang,data-th-lang}] [1000]: org.thymeleaf.standard.processor.StandardRemovableAttributeTagProcessor
[THYMELEAF]             * [* {th:charset,data-th-charset}] [1000]: org.thymeleaf.standard.processor.StandardRemovableAttributeTagProcessor
[THYMELEAF]             * [* {th:colspan,data-th-colspan}] [1000]: org.thymeleaf.standard.processor.StandardRemovableAttributeTagProcessor
[THYMELEAF]             * [* {th:formaction,data-th-formaction}] [1000]: org.thymeleaf.standard.processor.StandardRemovableAttributeTagProcessor
[THYMELEAF]             * [* {th:poster,data-th-poster}] [1000]: org.thymeleaf.standard.processor.StandardRemovableAttributeTagProcessor
[THYMELEAF]             * [* {th:start,data-th-start}] [1000]: org.thymeleaf.standard.processor.StandardRemovableAttributeTagProcessor
[THYMELEAF]             * [* {th:align,data-th-align}] [1000]: org.thymeleaf.standard.processor.StandardRemovableAttributeTagProcessor
[THYMELEAF]             * [* {th:audio,data-th-audio}] [1000]: org.thymeleaf.standard.processor.StandardRemovableAttributeTagProcessor
[THYMELEAF]             * [* {th:dir,data-th-dir}] [1000]: org.thymeleaf.standard.processor.StandardRemovableAttributeTagProcessor
[THYMELEAF]             * [* {th:scheme,data-th-scheme}] [1000]: org.thymeleaf.standard.processor.StandardRemovableAttributeTagProcessor
[THYMELEAF]             * [* {th:accesskey,data-th-accesskey}] [1000]: org.thymeleaf.standard.processor.StandardRemovableAttributeTagProcessor
[THYMELEAF]             * [* {th:valuetype,data-th-valuetype}] [1000]: org.thymeleaf.standard.processor.StandardRemovableAttributeTagProcessor
[THYMELEAF]             * [* {th:width,data-th-width}] [1000]: org.thymeleaf.standard.processor.StandardRemovableAttributeTagProcessor
[THYMELEAF]             * [* {th:spellcheck,data-th-spellcheck}] [1000]: org.thymeleaf.standard.processor.StandardRemovableAttributeTagProcessor
[THYMELEAF]             * [* {th:challenge,data-th-challenge}] [1000]: org.thymeleaf.standard.processor.StandardRemovableAttributeTagProcessor
[THYMELEAF]             * [* {th:contenteditable,data-th-contenteditable}] [1000]: org.thymeleaf.standard.processor.StandardRemovableAttributeTagProcessor
[THYMELEAF]             * [* {th:abbr,data-th-abbr}] [1000]: org.thymeleaf.standard.processor.StandardRemovableAttributeTagProcessor
[THYMELEAF]             * [* {th:icon,data-th-icon}] [1000]: org.thymeleaf.standard.processor.StandardRemovableAttributeTagProcessor
[THYMELEAF]             * [* {th:rev,data-th-rev}] [1000]: org.thymeleaf.standard.processor.StandardRemovableAttributeTagProcessor
[THYMELEAF]             * [* {th:datetime,data-th-datetime}] [1000]: org.thymeleaf.standard.processor.StandardRemovableAttributeTagProcessor
[THYMELEAF]             * [* {th:class,data-th-class}] [1000]: org.thymeleaf.standard.processor.StandardRemovableAttributeTagProcessor
[THYMELEAF]             * [* {th:autocomplete,data-th-autocomplete}] [1000]: org.thymeleaf.standard.processor.StandardRemovableAttributeTagProcessor
[THYMELEAF]             * [* {th:accept,data-th-accept}] [1000]: org.thymeleaf.standard.processor.StandardRemovableAttributeTagProcessor
[THYMELEAF]             * [* {th:rel,data-th-rel}] [1000]: org.thymeleaf.standard.processor.StandardRemovableAttributeTagProcessor
[THYMELEAF]             * [* {th:headers,data-th-headers}] [1000]: org.thymeleaf.standard.processor.StandardRemovableAttributeTagProcessor
[THYMELEAF]             * [* {th:height,data-th-height}] [1000]: org.thymeleaf.standard.processor.StandardRemovableAttributeTagProcessor
[THYMELEAF]             * [* {th:usemap,data-th-usemap}] [1000]: org.thymeleaf.standard.processor.StandardRemovableAttributeTagProcessor
[THYMELEAF]             * [* {th:min,data-th-min}] [1000]: org.thymeleaf.standard.processor.StandardRemovableAttributeTagProcessor
[THYMELEAF]             * [* {th:id,data-th-id}] [1000]: org.thymeleaf.standard.processor.StandardRemovableAttributeTagProcessor
[THYMELEAF]             * [* {th:wrap,data-th-wrap}] [1000]: org.thymeleaf.standard.processor.StandardRemovableAttributeTagProcessor
[THYMELEAF]             * [* {th:formtarget,data-th-formtarget}] [1000]: org.thymeleaf.standard.processor.StandardRemovableAttributeTagProcessor
[THYMELEAF]             * [* {th:rows,data-th-rows}] [1000]: org.thymeleaf.standard.processor.StandardRemovableAttributeTagProcessor
[THYMELEAF]             * [* {th:sandbox,data-th-sandbox}] [1000]: org.thymeleaf.standard.processor.StandardRemovableAttributeTagProcessor
[THYMELEAF]             * [* {th:manifest,data-th-manifest}] [1000]: org.thymeleaf.standard.processor.StandardRemovableAttributeTagProcessor
[THYMELEAF]             * [* {th:hreflang,data-th-hreflang}] [1000]: org.thymeleaf.standard.processor.StandardRemovableAttributeTagProcessor
[THYMELEAF]             * [* {th:summary,data-th-summary}] [1000]: org.thymeleaf.standard.processor.StandardRemovableAttributeTagProcessor
[THYMELEAF]             * [* {th:target,data-th-target}] [1000]: org.thymeleaf.standard.processor.StandardRemovableAttributeTagProcessor
[THYMELEAF]             * [* {th:cite,data-th-cite}] [1000]: org.thymeleaf.standard.processor.StandardRemovableAttributeTagProcessor
[THYMELEAF]             * [* {th:http-equiv,data-th-http-equiv}] [1000]: org.thymeleaf.standard.processor.StandardRemovableAttributeTagProcessor
[THYMELEAF]             * [* {th:tabindex,data-th-tabindex}] [1000]: org.thymeleaf.standard.processor.StandardRemovableAttributeTagProcessor
[THYMELEAF]             * [* {th:marginheight,data-th-marginheight}] [1000]: org.thymeleaf.standard.processor.StandardRemovableAttributeTagProcessor
[THYMELEAF]             * [* {th:vspace,data-th-vspace}] [1000]: org.thymeleaf.standard.processor.StandardRemovableAttributeTagProcessor
[THYMELEAF]             * [* {th:list,data-th-list}] [1000]: org.thymeleaf.standard.processor.StandardRemovableAttributeTagProcessor
[THYMELEAF]             * [* {th:codebase,data-th-codebase}] [1000]: org.thymeleaf.standard.processor.StandardRemovableAttributeTagProcessor
[THYMELEAF]             * [* {th:hspace,data-th-hspace}] [1000]: org.thymeleaf.standard.processor.StandardRemovableAttributeTagProcessor
[THYMELEAF]             * [* {th:cols,data-th-cols}] [1000]: org.thymeleaf.standard.processor.StandardRemovableAttributeTagProcessor
[THYMELEAF]             * [* {th:formmethod,data-th-formmethod}] [1000]: org.thymeleaf.standard.processor.StandardRemovableAttributeTagProcessor
[THYMELEAF]             * [* {th:radiogroup,data-th-radiogroup}] [1000]: org.thymeleaf.standard.processor.StandardRemovableAttributeTagProcessor
[THYMELEAF]             * [* {th:size,data-th-size}] [1000]: org.thymeleaf.standard.processor.StandardRemovableAttributeTagProcessor
[THYMELEAF]             * [* {th:compact,data-th-compact}] [1000]: org.thymeleaf.standard.processor.StandardRemovableAttributeTagProcessor
[THYMELEAF]             * [* {th:classid,data-th-classid}] [1000]: org.thymeleaf.standard.processor.StandardRemovableAttributeTagProcessor
[THYMELEAF]             * [* {th:high,data-th-high}] [1000]: org.thymeleaf.standard.processor.StandardRemovableAttributeTagProcessor
[THYMELEAF]             * [* {th:placeholder,data-th-placeholder}] [1000]: org.thymeleaf.standard.processor.StandardRemovableAttributeTagProcessor
[THYMELEAF]             * [* {th:bgcolor,data-th-bgcolor}] [1000]: org.thymeleaf.standard.processor.StandardRemovableAttributeTagProcessor
[THYMELEAF]             * [* {th:kind,data-th-kind}] [1000]: org.thymeleaf.standard.processor.StandardRemovableAttributeTagProcessor
[THYMELEAF]             * [* {th:xmlbase,data-th-xmlbase}] [1000]: org.thymeleaf.standard.processor.StandardXmlBaseTagProcessor
[THYMELEAF]             * [* {th:xmllang,data-th-xmllang}] [1000]: org.thymeleaf.standard.processor.StandardXmlLangTagProcessor
[THYMELEAF]             * [* {xmlns:th}] [1000]: org.thymeleaf.standard.processor.StandardXmlNsTagProcessor
[THYMELEAF]             * [* {th:xmlspace,data-th-xmlspace}] [1000]: org.thymeleaf.standard.processor.StandardXmlSpaceTagProcessor
[THYMELEAF]             * [{option} *] [1005]: org.thymeleaf.spring6.processor.SpringOptionInSelectFieldTagProcessor
[THYMELEAF]             * [* {th:value,data-th-value}] [1010]: org.thymeleaf.spring6.processor.SpringValueTagProcessor
[THYMELEAF]             * [* {th:classappend,data-th-classappend}] [1100]: org.thymeleaf.standard.processor.StandardClassappendTagProcessor
[THYMELEAF]             * [* {th:styleappend,data-th-styleappend}] [1100]: org.thymeleaf.standard.processor.StandardStyleappendTagProcessor
[THYMELEAF]             * [* {th:text,data-th-text}] [1300]: org.thymeleaf.standard.processor.StandardTextTagProcessor
[THYMELEAF]             * [* {th:utext,data-th-utext}] [1400]: org.thymeleaf.standard.processor.StandardUtextTagProcessor
[THYMELEAF]             * [* {th:fragment,data-th-fragment}] [1500]: org.thymeleaf.standard.processor.StandardFragmentTagProcessor
[THYMELEAF]             * [* {th:assert,data-th-assert}] [1550]: org.thymeleaf.standard.processor.StandardAssertTagProcessor
[THYMELEAF]             * [* {th:remove,data-th-remove}] [1600]: org.thymeleaf.standard.processor.StandardRemoveTagProcessor
[THYMELEAF]             * [* {th:errors,data-th-errors}] [1700]: org.thymeleaf.spring6.processor.SpringErrorsTagProcessor
[THYMELEAF]             * [{input} {th:field,data-th-field}] [1700]: org.thymeleaf.spring6.processor.SpringInputCheckboxFieldTagProcessor
[THYMELEAF]             * [{input} {th:field,data-th-field}] [1700]: org.thymeleaf.spring6.processor.SpringInputFileFieldTagProcessor
[THYMELEAF]             * [{input} {th:field,data-th-field}] [1700]: org.thymeleaf.spring6.processor.SpringInputGeneralFieldTagProcessor
[THYMELEAF]             * [{input} {th:field,data-th-field}] [1700]: org.thymeleaf.spring6.processor.SpringInputPasswordFieldTagProcessor
[THYMELEAF]             * [{input} {th:field,data-th-field}] [1700]: org.thymeleaf.spring6.processor.SpringInputRadioFieldTagProcessor
[THYMELEAF]             * [{option} {th:field,data-th-field}] [1700]: org.thymeleaf.spring6.processor.SpringOptionFieldTagProcessor
[THYMELEAF]             * [{select} {th:field,data-th-field}] [1700]: org.thymeleaf.spring6.processor.SpringSelectFieldTagProcessor
[THYMELEAF]             * [{textarea} {th:field,data-th-field}] [1700]: org.thymeleaf.spring6.processor.SpringTextareaFieldTagProcessor
[THYMELEAF]             * [* {th:uerrors,data-th-uerrors}] [1700]: org.thymeleaf.spring6.processor.SpringUErrorsTagProcessor
[THYMELEAF]             * [* {th:errorclass,data-th-errorclass}] [1800]: org.thymeleaf.spring6.processor.SpringErrorClassTagProcessor
[THYMELEAF]             * [* {th:ref,data-th-ref}] [10000]: org.thymeleaf.standard.processor.StandardRefAttributeTagProcessor
[THYMELEAF]             * [{th:block,th-block} *] [100000]: org.thymeleaf.standard.processor.StandardBlockTagProcessor
[THYMELEAF]             * [* th:*] [2147483647]: org.thymeleaf.standard.processor.StandardDefaultAttributesTagProcessor
[THYMELEAF]         * Text Processors by [precedence]:
[THYMELEAF]             * [1000]: org.thymeleaf.standard.processor.StandardInliningTextProcessor
[THYMELEAF]         * DOCTYPE Processors by [precedence]:
[THYMELEAF]             * [1000]: org.thymeleaf.standard.processor.StandardTranslationDocTypeProcessor
[THYMELEAF]         * CDATA Section Processors by [precedence]:
[THYMELEAF]             * [1000]: org.thymeleaf.standard.processor.StandardInliningCDATASectionProcessor
[THYMELEAF]         * Comment Processors by [precedence]:
[THYMELEAF]             * [1000]: org.thymeleaf.standard.processor.StandardInliningCommentProcessor
[THYMELEAF]             * [1100]: org.thymeleaf.standard.processor.StandardConditionalCommentProcessor
[THYMELEAF]     * Processors for Template Mode: XML
[THYMELEAF]         * Element Tag Processors by [matching element and attribute name] [precedence]:
[THYMELEAF]             * [* {th:include}] [100]: org.thymeleaf.standard.processor.StandardIncludeTagProcessor
[THYMELEAF]             * [* {th:insert}] [100]: org.thymeleaf.standard.processor.StandardInsertTagProcessor
[THYMELEAF]             * [* {th:replace}] [100]: org.thymeleaf.standard.processor.StandardReplaceTagProcessor
[THYMELEAF]             * [* {th:each}] [200]: org.thymeleaf.standard.processor.StandardEachTagProcessor
[THYMELEAF]             * [* {th:switch}] [250]: org.thymeleaf.standard.processor.StandardSwitchTagProcessor
[THYMELEAF]             * [* {th:case}] [275]: org.thymeleaf.standard.processor.StandardCaseTagProcessor
[THYMELEAF]             * [* {th:if}] [300]: org.thymeleaf.standard.processor.StandardIfTagProcessor
[THYMELEAF]             * [* {th:unless}] [400]: org.thymeleaf.standard.processor.StandardUnlessTagProcessor
[THYMELEAF]             * [* {th:object}] [500]: org.thymeleaf.standard.processor.StandardObjectTagProcessor
[THYMELEAF]             * [* {th:with}] [600]: org.thymeleaf.standard.processor.StandardWithTagProcessor
[THYMELEAF]             * [* {th:attr}] [700]: org.thymeleaf.standard.processor.StandardAttrTagProcessor
[THYMELEAF]             * [* {th:attrprepend}] [800]: org.thymeleaf.standard.processor.StandardAttrprependTagProcessor
[THYMELEAF]             * [* {th:attrappend}] [900]: org.thymeleaf.standard.processor.StandardAttrappendTagProcessor
[THYMELEAF]             * [* {th:inline}] [1000]: org.thymeleaf.standard.processor.StandardInlineXMLTagProcessor
[THYMELEAF]             * [* {xmlns:th}] [1000]: org.thymeleaf.standard.processor.StandardXmlNsTagProcessor
[THYMELEAF]             * [* {th:text}] [1300]: org.thymeleaf.standard.processor.StandardTextTagProcessor
[THYMELEAF]             * [* {th:utext}] [1400]: org.thymeleaf.standard.processor.StandardUtextTagProcessor
[THYMELEAF]             * [* {th:fragment}] [1500]: org.thymeleaf.standard.processor.StandardFragmentTagProcessor
[THYMELEAF]             * [* {th:assert}] [1550]: org.thymeleaf.standard.processor.StandardAssertTagProcessor
[THYMELEAF]             * [* {th:remove}] [1600]: org.thymeleaf.standard.processor.StandardRemoveTagProcessor
[THYMELEAF]             * [* {th:ref}] [10000]: org.thymeleaf.standard.processor.StandardRefAttributeTagProcessor
[THYMELEAF]             * [{th:block} *] [100000]: org.thymeleaf.standard.processor.StandardBlockTagProcessor
[THYMELEAF]             * [* th:*] [2147483647]: org.thymeleaf.standard.processor.StandardDefaultAttributesTagProcessor
[THYMELEAF]         * Text Processors by [precedence]:
[THYMELEAF]             * [1000]: org.thymeleaf.standard.processor.StandardInliningTextProcessor
[THYMELEAF]         * CDATA Section Processors by [precedence]:
[THYMELEAF]             * [1000]: org.thymeleaf.standard.processor.StandardInliningCDATASectionProcessor
[THYMELEAF]         * Comment Processors by [precedence]:
[THYMELEAF]             * [1000]: org.thymeleaf.standard.processor.StandardInliningCommentProcessor
[THYMELEAF]     * Processors for Template Mode: TEXT
[THYMELEAF]         * Element Tag Processors by [matching element and attribute name] [precedence]:
[THYMELEAF]             * [* {th:insert}] [100]: org.thymeleaf.standard.processor.StandardInsertTagProcessor
[THYMELEAF]             * [* {th:replace}] [100]: org.thymeleaf.standard.processor.StandardReplaceTagProcessor
[THYMELEAF]             * [* {th:each}] [200]: org.thymeleaf.standard.processor.StandardEachTagProcessor
[THYMELEAF]             * [* {th:switch}] [250]: org.thymeleaf.standard.processor.StandardSwitchTagProcessor
[THYMELEAF]             * [* {th:case}] [275]: org.thymeleaf.standard.processor.StandardCaseTagProcessor
[THYMELEAF]             * [* {th:if}] [300]: org.thymeleaf.standard.processor.StandardIfTagProcessor
[THYMELEAF]             * [* {th:unless}] [400]: org.thymeleaf.standard.processor.StandardUnlessTagProcessor
[THYMELEAF]             * [* {th:object}] [500]: org.thymeleaf.standard.processor.StandardObjectTagProcessor
[THYMELEAF]             * [* {th:with}] [600]: org.thymeleaf.standard.processor.StandardWithTagProcessor
[THYMELEAF]             * [* {th:inline}] [1000]: org.thymeleaf.standard.processor.StandardInlineTextualTagProcessor
[THYMELEAF]             * [* {th:text}] [1300]: org.thymeleaf.standard.processor.StandardTextTagProcessor
[THYMELEAF]             * [* {th:utext}] [1400]: org.thymeleaf.standard.processor.StandardUtextTagProcessor
[THYMELEAF]             * [* {th:assert}] [1550]: org.thymeleaf.standard.processor.StandardAssertTagProcessor
[THYMELEAF]             * [* {th:remove}] [1600]: org.thymeleaf.standard.processor.StandardRemoveTagProcessor
[THYMELEAF]             * [{th:block} *] [100000]: org.thymeleaf.standard.processor.StandardBlockTagProcessor
[THYMELEAF]             * [* 100000] [org.thymeleaf.standard.processor.StandardBlockTagProcessor]: {}
[THYMELEAF]         * Text Processors by [precedence]:
[THYMELEAF]             * [1000]: org.thymeleaf.standard.processor.StandardInliningTextProcessor
[THYMELEAF]     * Processors for Template Mode: JAVASCRIPT
[THYMELEAF]         * Element Tag Processors by [matching element and attribute name] [precedence]:
[THYMELEAF]             * [* {th:insert}] [100]: org.thymeleaf.standard.processor.StandardInsertTagProcessor
[THYMELEAF]             * [* {th:replace}] [100]: org.thymeleaf.standard.processor.StandardReplaceTagProcessor
[THYMELEAF]             * [* {th:each}] [200]: org.thymeleaf.standard.processor.StandardEachTagProcessor
[THYMELEAF]             * [* {th:switch}] [250]: org.thymeleaf.standard.processor.StandardSwitchTagProcessor
[THYMELEAF]             * [* {th:case}] [275]: org.thymeleaf.standard.processor.StandardCaseTagProcessor
[THYMELEAF]             * [* {th:if}] [300]: org.thymeleaf.standard.processor.StandardIfTagProcessor
[THYMELEAF]             * [* {th:unless}] [400]: org.thymeleaf.standard.processor.StandardUnlessTagProcessor
[THYMELEAF]             * [* {th:object}] [500]: org.thymeleaf.standard.processor.StandardObjectTagProcessor
[THYMELEAF]             * [* {th:with}] [600]: org.thymeleaf.standard.processor.StandardWithTagProcessor
[THYMELEAF]             * [* {th:inline}] [1000]: org.thymeleaf.standard.processor.StandardInlineTextualTagProcessor
[THYMELEAF]             * [* {th:text}] [1300]: org.thymeleaf.standard.processor.StandardTextTagProcessor
[THYMELEAF]             * [* {th:utext}] [1400]: org.thymeleaf.standard.processor.StandardUtextTagProcessor
[THYMELEAF]             * [* {th:assert}] [1550]: org.thymeleaf.standard.processor.StandardAssertTagProcessor
[THYMELEAF]             * [* {th:remove}] [1600]: org.thymeleaf.standard.processor.StandardRemoveTagProcessor
[THYMELEAF]             * [{th:block} *] [100000]: org.thymeleaf.standard.processor.StandardBlockTagProcessor
[THYMELEAF]             * [* 100000] [org.thymeleaf.standard.processor.StandardBlockTagProcessor]: {}
[THYMELEAF]         * Text Processors by [precedence]:
[THYMELEAF]             * [1000]: org.thymeleaf.standard.processor.StandardInliningTextProcessor
[THYMELEAF]     * Processors for Template Mode: CSS
[THYMELEAF]         * Element Tag Processors by [matching element and attribute name] [precedence]:
[THYMELEAF]             * [* {th:insert}] [100]: org.thymeleaf.standard.processor.StandardInsertTagProcessor
[THYMELEAF]             * [* {th:replace}] [100]: org.thymeleaf.standard.processor.StandardReplaceTagProcessor
[THYMELEAF]             * [* {th:each}] [200]: org.thymeleaf.standard.processor.StandardEachTagProcessor
[THYMELEAF]             * [* {th:switch}] [250]: org.thymeleaf.standard.processor.StandardSwitchTagProcessor
[THYMELEAF]             * [* {th:case}] [275]: org.thymeleaf.standard.processor.StandardCaseTagProcessor
[THYMELEAF]             * [* {th:if}] [300]: org.thymeleaf.standard.processor.StandardIfTagProcessor
[THYMELEAF]             * [* {th:unless}] [400]: org.thymeleaf.standard.processor.StandardUnlessTagProcessor
[THYMELEAF]             * [* {th:object}] [500]: org.thymeleaf.standard.processor.StandardObjectTagProcessor
[THYMELEAF]             * [* {th:with}] [600]: org.thymeleaf.standard.processor.StandardWithTagProcessor
[THYMELEAF]             * [* {th:inline}] [1000]: org.thymeleaf.standard.processor.StandardInlineTextualTagProcessor
[THYMELEAF]             * [* {th:text}] [1300]: org.thymeleaf.standard.processor.StandardTextTagProcessor
[THYMELEAF]             * [* {th:utext}] [1400]: org.thymeleaf.standard.processor.StandardUtextTagProcessor
[THYMELEAF]             * [* {th:assert}] [1550]: org.thymeleaf.standard.processor.StandardAssertTagProcessor
[THYMELEAF]             * [* {th:remove}] [1600]: org.thymeleaf.standard.processor.StandardRemoveTagProcessor
[THYMELEAF]             * [{th:block} *] [100000]: org.thymeleaf.standard.processor.StandardBlockTagProcessor
[THYMELEAF]             * [* 100000] [org.thymeleaf.standard.processor.StandardBlockTagProcessor]: {}
[THYMELEAF]         * Text Processors by [precedence]:
[THYMELEAF]             * [1000]: org.thymeleaf.standard.processor.StandardInliningTextProcessor
[THYMELEAF]     * Expression Objects:
[THYMELEAF]         * #ctx
[THYMELEAF]         * #root
[THYMELEAF]         * #vars
[THYMELEAF]         * #object
[THYMELEAF]         * #locale
[THYMELEAF]         * #conversions
[THYMELEAF]         * #uris
[THYMELEAF]         * #temporals
[THYMELEAF]         * #calendars
[THYMELEAF]         * #dates
[THYMELEAF]         * #bools
[THYMELEAF]         * #numbers
[THYMELEAF]         * #objects
[THYMELEAF]         * #strings
[THYMELEAF]         * #arrays
[THYMELEAF]         * #lists
[THYMELEAF]         * #sets
[THYMELEAF]         * #maps
[THYMELEAF]         * #aggregates
[THYMELEAF]         * #messages
[THYMELEAF]         * #ids
[THYMELEAF]         * #execInfo
[THYMELEAF]         * #request
[THYMELEAF]         * #response
[THYMELEAF]         * #session
[THYMELEAF]         * #servletContext
[THYMELEAF]         * #fields
[THYMELEAF]         * #themes
[THYMELEAF]         * #mvc
[THYMELEAF]         * #requestdatavalues
[THYMELEAF]     * Execution Attributes:
[THYMELEAF]         * "StandardExpressionParser": Standard Expression Parser
[THYMELEAF]         * "StandardJavaScriptSerializer": org.thymeleaf.standard.serializer.StandardJavaScriptSerializer@27779b40
[THYMELEAF]         * "StandardCSSSerializer": org.thymeleaf.standard.serializer.StandardCSSSerializer@56272a62
[THYMELEAF]         * "EnableSpringELCompiler": false
[THYMELEAF]         * "StandardVariableExpressionEvaluator": SpringEL
[THYMELEAF]         * "StandardConversionService": org.thymeleaf.spring6.expression.SpringStandardConversionService@3cfc147c
[THYMELEAF] * Dialect [2 of 2]: SpringSecurity (org.thymeleaf.extras.springsecurity6.dialect.SpringSecurityDialect)
[THYMELEAF]     * Prefix: "sec"
[THYMELEAF]     * Processors for Template Mode: HTML
[THYMELEAF]         * Element Tag Processors by [matching element and attribute name] [precedence]:
[THYMELEAF]             * [* {sec:authorize-acl,data-sec-authorize-acl}] [300]: org.thymeleaf.extras.springsecurity6.dialect.processor.AuthorizeAclAttrProcessor
[THYMELEAF]             * [* {sec:authorize,data-sec-authorize}] [300]: org.thymeleaf.extras.springsecurity6.dialect.processor.AuthorizeAttrProcessor
[THYMELEAF]             * [* {sec:authorize-expr,data-sec-authorize-expr}] [300]: org.thymeleaf.extras.springsecurity6.dialect.processor.AuthorizeAttrProcessor
[THYMELEAF]             * [* {sec:authorize-url,data-sec-authorize-url}] [300]: org.thymeleaf.extras.springsecurity6.dialect.processor.AuthorizeUrlAttrProcessor
[THYMELEAF]             * [* {xmlns:sec}] [1000]: org.thymeleaf.standard.processor.StandardXmlNsTagProcessor
[THYMELEAF]             * [* {sec:authentication,data-sec-authentication}] [1300]: org.thymeleaf.extras.springsecurity6.dialect.processor.AuthenticationAttrProcessor
[THYMELEAF]     * Processors for Template Mode: XML
[THYMELEAF]         * Element Tag Processors by [matching element and attribute name] [precedence]:
[THYMELEAF]             * [* {sec:authorize-acl}] [300]: org.thymeleaf.extras.springsecurity6.dialect.processor.AuthorizeAclAttrProcessor
[THYMELEAF]             * [* {sec:authorize-expr}] [300]: org.thymeleaf.extras.springsecurity6.dialect.processor.AuthorizeAttrProcessor
[THYMELEAF]             * [* {sec:authorize}] [300]: org.thymeleaf.extras.springsecurity6.dialect.processor.AuthorizeAttrProcessor
[THYMELEAF]             * [* {sec:authorize-url}] [300]: org.thymeleaf.extras.springsecurity6.dialect.processor.AuthorizeUrlAttrProcessor
[THYMELEAF]             * [* {xmlns:sec}] [1000]: org.thymeleaf.standard.processor.StandardXmlNsTagProcessor
[THYMELEAF]             * [* {sec:authentication}] [1300]: org.thymeleaf.extras.springsecurity6.dialect.processor.AuthenticationAttrProcessor
[THYMELEAF]     * Processors for Template Mode: TEXT
[THYMELEAF]         * Element Tag Processors by [matching element and attribute name] [precedence]:
[THYMELEAF]             * [* {sec:authorize-acl}] [300]: org.thymeleaf.extras.springsecurity6.dialect.processor.AuthorizeAclAttrProcessor
[THYMELEAF]             * [* {sec:authorize}] [300]: org.thymeleaf.extras.springsecurity6.dialect.processor.AuthorizeAttrProcessor
[THYMELEAF]             * [* {sec:authorize-expr}] [300]: org.thymeleaf.extras.springsecurity6.dialect.processor.AuthorizeAttrProcessor
[THYMELEAF]             * [* {sec:authorize-url}] [300]: org.thymeleaf.extras.springsecurity6.dialect.processor.AuthorizeUrlAttrProcessor
[THYMELEAF]             * [* {xmlns:sec}] [1000]: org.thymeleaf.standard.processor.StandardXmlNsTagProcessor
[THYMELEAF]             * [* {sec:authentication}] [1300]: org.thymeleaf.extras.springsecurity6.dialect.processor.AuthenticationAttrProcessor
[THYMELEAF]     * Processors for Template Mode: JAVASCRIPT
[THYMELEAF]         * Element Tag Processors by [matching element and attribute name] [precedence]:
[THYMELEAF]             * [* {sec:authorize-acl}] [300]: org.thymeleaf.extras.springsecurity6.dialect.processor.AuthorizeAclAttrProcessor
[THYMELEAF]             * [* {sec:authorize}] [300]: org.thymeleaf.extras.springsecurity6.dialect.processor.AuthorizeAttrProcessor
[THYMELEAF]             * [* {sec:authorize-expr}] [300]: org.thymeleaf.extras.springsecurity6.dialect.processor.AuthorizeAttrProcessor
[THYMELEAF]             * [* {sec:authorize-url}] [300]: org.thymeleaf.extras.springsecurity6.dialect.processor.AuthorizeUrlAttrProcessor
[THYMELEAF]             * [* {xmlns:sec}] [1000]: org.thymeleaf.standard.processor.StandardXmlNsTagProcessor
[THYMELEAF]             * [* {sec:authentication}] [1300]: org.thymeleaf.extras.springsecurity6.dialect.processor.AuthenticationAttrProcessor
[THYMELEAF]     * Processors for Template Mode: CSS
[THYMELEAF]         * Element Tag Processors by [matching element and attribute name] [precedence]:
[THYMELEAF]             * [* {sec:authorize-acl}] [300]: org.thymeleaf.extras.springsecurity6.dialect.processor.AuthorizeAclAttrProcessor
[THYMELEAF]             * [* {sec:authorize}] [300]: org.thymeleaf.extras.springsecurity6.dialect.processor.AuthorizeAttrProcessor
[THYMELEAF]             * [* {sec:authorize-expr}] [300]: org.thymeleaf.extras.springsecurity6.dialect.processor.AuthorizeAttrProcessor
[THYMELEAF]             * [* {sec:authorize-url}] [300]: org.thymeleaf.extras.springsecurity6.dialect.processor.AuthorizeUrlAttrProcessor
[THYMELEAF]             * [* {xmlns:sec}] [1000]: org.thymeleaf.standard.processor.StandardXmlNsTagProcessor
[THYMELEAF]             * [* {sec:authentication}] [1300]: org.thymeleaf.extras.springsecurity6.dialect.processor.AuthenticationAttrProcessor
[THYMELEAF]     * Expression Objects:
[THYMELEAF]         * #authentication
[THYMELEAF]         * #authorization
[THYMELEAF] TEMPLATE ENGINE CONFIGURED OK
2025-05-29T08:06:30.669+03:00 DEBUG 4400 --- [           main] org.thymeleaf.TemplateEngine             : [THYMELEAF] TEMPLATE ENGINE INITIALIZED
2025-05-29T08:06:30.669+03:00 TRACE 4400 --- [           main] org.thymeleaf.TemplateEngine             : [THYMELEAF][main] STARTING PROCESS OF TEMPLATE "view-reviews" WITH LOCALE en
2025-05-29T08:06:30.669+03:00 TRACE 4400 --- [           main] o.t.TemplateEngine.cache.TEMPLATE_CACHE  : [THYMELEAF][main][TEMPLATE_CACHE][CACHE_MISS] Cache miss in cache "TEMPLATE_CACHE" for key "view-reviews".
2025-05-29T08:06:30.669+03:00 TRACE 4400 --- [           main] org.thymeleaf.engine.TemplateManager     : [THYMELEAF][main] Template resolver match! Resolver "org.thymeleaf.spring6.templateresolver.SpringResourceTemplateResolver" will resolve template "view-reviews"
2025-05-29T08:06:30.671+03:00 TRACE 4400 --- [           main] o.t.T.cache.EXPRESSION_CACHE             : [THYMELEAF][CACHE_INITIALIZE] Initializing cache EXPRESSION_CACHE. Max size: 500. Soft references are used.
2025-05-29T08:06:30.671+03:00 TRACE 4400 --- [           main] o.t.T.cache.EXPRESSION_CACHE             : [THYMELEAF][main][EXPRESSION_CACHE][CACHE_MISS] Cache miss in cache "EXPRESSION_CACHE" for key "expr|${book.title}".
2025-05-29T08:06:30.671+03:00 TRACE 4400 --- [           main] o.t.T.cache.EXPRESSION_CACHE             : [THYMELEAF][main][EXPRESSION_CACHE][CACHE_ADD][1] Adding cache entry in cache "EXPRESSION_CACHE" for key "expr|${book.title}". New size is 1.
2025-05-29T08:06:30.671+03:00 TRACE 4400 --- [           main] o.t.s.expression.VariableExpression      : [THYMELEAF][main] Evaluating variable expression: "${book.title}"
2025-05-29T08:06:30.671+03:00 TRACE 4400 --- [           main] o.t.s.e.SPELVariableExpressionEvaluator  : [THYMELEAF][main] SpringEL expression: evaluating expression "book.title" on target
2025-05-29T08:06:30.671+03:00 TRACE 4400 --- [           main] o.t.T.cache.EXPRESSION_CACHE             : [THYMELEAF][main][EXPRESSION_CACHE][CACHE_MISS] Cache miss in cache "EXPRESSION_CACHE" for key "spel|book.title".
2025-05-29T08:06:30.671+03:00 TRACE 4400 --- [           main] o.t.T.cache.EXPRESSION_CACHE             : [THYMELEAF][main][EXPRESSION_CACHE][CACHE_ADD][2] Adding cache entry in cache "EXPRESSION_CACHE" for key "spel|book.title". New size is 2.
2025-05-29T08:06:30.672+03:00 TRACE 4400 --- [           main] o.t.T.cache.EXPRESSION_CACHE             : [THYMELEAF][main][EXPRESSION_CACHE][CACHE_MISS] Cache miss in cache "EXPRESSION_CACHE" for key "expr|@{/css/style.css}".
2025-05-29T08:06:30.672+03:00 TRACE 4400 --- [           main] o.t.T.cache.EXPRESSION_CACHE             : [THYMELEAF][main][EXPRESSION_CACHE][CACHE_ADD][3] Adding cache entry in cache "EXPRESSION_CACHE" for key "expr|@{/css/style.css}". New size is 3.
2025-05-29T08:06:30.672+03:00 TRACE 4400 --- [           main] o.t.standard.expression.LinkExpression   : [THYMELEAF][main] Evaluating link: "@{'/css/style.css'}"
2025-05-29T08:06:30.672+03:00 TRACE 4400 --- [           main] o.t.s.expression.TextLiteralExpression   : [THYMELEAF][main] Evaluating text literal: "'/css/style.css'"
2025-05-29T08:06:30.673+03:00 TRACE 4400 --- [           main] o.t.T.cache.EXPRESSION_CACHE             : [THYMELEAF][main][EXPRESSION_CACHE][CACHE_HIT] Cache hit in cache "EXPRESSION_CACHE" for key "expr|${book.title}".
2025-05-29T08:06:30.674+03:00 TRACE 4400 --- [           main] o.t.s.expression.VariableExpression      : [THYMELEAF][main] Evaluating variable expression: "${book.title}"
2025-05-29T08:06:30.674+03:00 TRACE 4400 --- [           main] o.t.s.e.SPELVariableExpressionEvaluator  : [THYMELEAF][main] SpringEL expression: evaluating expression "book.title" on target
2025-05-29T08:06:30.674+03:00 TRACE 4400 --- [           main] o.t.T.cache.EXPRESSION_CACHE             : [THYMELEAF][main][EXPRESSION_CACHE][CACHE_MISS] Cache miss in cache "EXPRESSION_CACHE" for key "expr|${#lists.isEmpty(reviews)}".
2025-05-29T08:06:30.674+03:00 TRACE 4400 --- [           main] o.t.T.cache.EXPRESSION_CACHE             : [THYMELEAF][main][EXPRESSION_CACHE][CACHE_ADD][4] Adding cache entry in cache "EXPRESSION_CACHE" for key "expr|${#lists.isEmpty(reviews)}". New size is 4.
2025-05-29T08:06:30.674+03:00 TRACE 4400 --- [           main] o.t.s.expression.VariableExpression      : [THYMELEAF][main] Evaluating variable expression: "${#lists.isEmpty(reviews)}"
2025-05-29T08:06:30.674+03:00 TRACE 4400 --- [           main] o.t.s.e.SPELVariableExpressionEvaluator  : [THYMELEAF][main] SpringEL expression: evaluating expression "#lists.isEmpty(reviews)" on target
2025-05-29T08:06:30.674+03:00 TRACE 4400 --- [           main] o.t.T.cache.EXPRESSION_CACHE             : [THYMELEAF][main][EXPRESSION_CACHE][CACHE_MISS] Cache miss in cache "EXPRESSION_CACHE" for key "spel|#lists.isEmpty(reviews)".
2025-05-29T08:06:30.674+03:00 TRACE 4400 --- [           main] o.t.T.cache.EXPRESSION_CACHE             : [THYMELEAF][main][EXPRESSION_CACHE][CACHE_ADD][5] Adding cache entry in cache "EXPRESSION_CACHE" for key "spel|#lists.isEmpty(reviews)". New size is 5.
2025-05-29T08:06:30.680+03:00 TRACE 4400 --- [           main] o.t.T.cache.EXPRESSION_CACHE             : [THYMELEAF][main][EXPRESSION_CACHE][CACHE_MISS] Cache miss in cache "EXPRESSION_CACHE" for key "expr|${!#lists.isEmpty(reviews)}".
2025-05-29T08:06:30.680+03:00 TRACE 4400 --- [           main] o.t.T.cache.EXPRESSION_CACHE             : [THYMELEAF][main][EXPRESSION_CACHE][CACHE_ADD][6] Adding cache entry in cache "EXPRESSION_CACHE" for key "expr|${!#lists.isEmpty(reviews)}". New size is 6.
2025-05-29T08:06:30.680+03:00 TRACE 4400 --- [           main] o.t.s.expression.VariableExpression      : [THYMELEAF][main] Evaluating variable expression: "${!#lists.isEmpty(reviews)}"
2025-05-29T08:06:30.680+03:00 TRACE 4400 --- [           main] o.t.s.e.SPELVariableExpressionEvaluator  : [THYMELEAF][main] SpringEL expression: evaluating expression "!#lists.isEmpty(reviews)" on target
2025-05-29T08:06:30.680+03:00 TRACE 4400 --- [           main] o.t.T.cache.EXPRESSION_CACHE             : [THYMELEAF][main][EXPRESSION_CACHE][CACHE_MISS] Cache miss in cache "EXPRESSION_CACHE" for key "spel|!#lists.isEmpty(reviews)".
2025-05-29T08:06:30.681+03:00 TRACE 4400 --- [           main] o.t.T.cache.EXPRESSION_CACHE             : [THYMELEAF][main][EXPRESSION_CACHE][CACHE_ADD][7] Adding cache entry in cache "EXPRESSION_CACHE" for key "spel|!#lists.isEmpty(reviews)". New size is 7.
2025-05-29T08:06:30.681+03:00 TRACE 4400 --- [           main] o.t.T.cache.EXPRESSION_CACHE             : [THYMELEAF][main][EXPRESSION_CACHE][CACHE_MISS] Cache miss in cache "EXPRESSION_CACHE" for key "each|review : ${reviews}".
2025-05-29T08:06:30.681+03:00 TRACE 4400 --- [           main] o.t.T.cache.EXPRESSION_CACHE             : [THYMELEAF][main][EXPRESSION_CACHE][CACHE_ADD][8] Adding cache entry in cache "EXPRESSION_CACHE" for key "each|review : ${reviews}". New size is 8.
2025-05-29T08:06:30.681+03:00 TRACE 4400 --- [           main] o.t.s.expression.GenericTokenExpression  : [THYMELEAF][main] Evaluating generic token: "review"
2025-05-29T08:06:30.681+03:00 TRACE 4400 --- [           main] o.t.s.expression.VariableExpression      : [THYMELEAF][main] Evaluating variable expression: "${reviews}"
2025-05-29T08:06:30.681+03:00 TRACE 4400 --- [           main] o.t.s.e.SPELVariableExpressionEvaluator  : [THYMELEAF][main] SpringEL expression: evaluating expression "reviews" on target
2025-05-29T08:06:30.681+03:00 TRACE 4400 --- [           main] o.t.T.cache.EXPRESSION_CACHE             : [THYMELEAF][main][EXPRESSION_CACHE][CACHE_MISS] Cache miss in cache "EXPRESSION_CACHE" for key "spel|reviews".
2025-05-29T08:06:30.681+03:00 TRACE 4400 --- [           main] o.t.T.cache.EXPRESSION_CACHE             : [THYMELEAF][main][EXPRESSION_CACHE][CACHE_ADD][9] Adding cache entry in cache "EXPRESSION_CACHE" for key "spel|reviews". New size is 9.
2025-05-29T08:06:30.681+03:00 TRACE 4400 --- [           main] o.t.T.cache.EXPRESSION_CACHE             : [THYMELEAF][main][EXPRESSION_CACHE][CACHE_MISS] Cache miss in cache "EXPRESSION_CACHE" for key "expr|${review.rating}".
2025-05-29T08:06:30.681+03:00 TRACE 4400 --- [           main] o.t.T.cache.EXPRESSION_CACHE             : [THYMELEAF][main][EXPRESSION_CACHE][CACHE_ADD][10] Adding cache entry in cache "EXPRESSION_CACHE" for key "expr|${review.rating}". New size is 10.
2025-05-29T08:06:30.681+03:00 TRACE 4400 --- [           main] o.t.s.expression.VariableExpression      : [THYMELEAF][main] Evaluating variable expression: "${review.rating}"
2025-05-29T08:06:30.681+03:00 TRACE 4400 --- [           main] o.t.s.e.SPELVariableExpressionEvaluator  : [THYMELEAF][main] SpringEL expression: evaluating expression "review.rating" on target
2025-05-29T08:06:30.681+03:00 TRACE 4400 --- [           main] o.t.T.cache.EXPRESSION_CACHE             : [THYMELEAF][main][EXPRESSION_CACHE][CACHE_MISS] Cache miss in cache "EXPRESSION_CACHE" for key "spel|review.rating".
2025-05-29T08:06:30.681+03:00 TRACE 4400 --- [           main] o.t.T.cache.EXPRESSION_CACHE             : [THYMELEAF][main][EXPRESSION_CACHE][CACHE_ADD][11] Adding cache entry in cache "EXPRESSION_CACHE" for key "spel|review.rating". New size is 11.
2025-05-29T08:06:30.681+03:00 TRACE 4400 --- [           main] o.t.T.cache.EXPRESSION_CACHE             : [THYMELEAF][main][EXPRESSION_CACHE][CACHE_MISS] Cache miss in cache "EXPRESSION_CACHE" for key "expr|${review.content}".
2025-05-29T08:06:30.681+03:00 TRACE 4400 --- [           main] o.t.T.cache.EXPRESSION_CACHE             : [THYMELEAF][main][EXPRESSION_CACHE][CACHE_ADD][12] Adding cache entry in cache "EXPRESSION_CACHE" for key "expr|${review.content}". New size is 12.
2025-05-29T08:06:30.681+03:00 TRACE 4400 --- [           main] o.t.s.expression.VariableExpression      : [THYMELEAF][main] Evaluating variable expression: "${review.content}"
2025-05-29T08:06:30.681+03:00 TRACE 4400 --- [           main] o.t.s.e.SPELVariableExpressionEvaluator  : [THYMELEAF][main] SpringEL expression: evaluating expression "review.content" on target
2025-05-29T08:06:30.681+03:00 TRACE 4400 --- [           main] o.t.T.cache.EXPRESSION_CACHE             : [THYMELEAF][main][EXPRESSION_CACHE][CACHE_MISS] Cache miss in cache "EXPRESSION_CACHE" for key "spel|review.content".
2025-05-29T08:06:30.681+03:00 TRACE 4400 --- [           main] o.t.T.cache.EXPRESSION_CACHE             : [THYMELEAF][main][EXPRESSION_CACHE][CACHE_ADD][13] Adding cache entry in cache "EXPRESSION_CACHE" for key "spel|review.content". New size is 13.
2025-05-29T08:06:30.681+03:00 TRACE 4400 --- [           main] o.t.T.cache.EXPRESSION_CACHE             : [THYMELEAF][main][EXPRESSION_CACHE][CACHE_MISS] Cache miss in cache "EXPRESSION_CACHE" for key "expr|${review.user.username}".
2025-05-29T08:06:30.681+03:00 TRACE 4400 --- [           main] o.t.T.cache.EXPRESSION_CACHE             : [THYMELEAF][main][EXPRESSION_CACHE][CACHE_ADD][14] Adding cache entry in cache "EXPRESSION_CACHE" for key "expr|${review.user.username}". New size is 14.
2025-05-29T08:06:30.681+03:00 TRACE 4400 --- [           main] o.t.s.expression.VariableExpression      : [THYMELEAF][main] Evaluating variable expression: "${review.user.username}"
2025-05-29T08:06:30.681+03:00 TRACE 4400 --- [           main] o.t.s.e.SPELVariableExpressionEvaluator  : [THYMELEAF][main] SpringEL expression: evaluating expression "review.user.username" on target
2025-05-29T08:06:30.681+03:00 TRACE 4400 --- [           main] o.t.T.cache.EXPRESSION_CACHE             : [THYMELEAF][main][EXPRESSION_CACHE][CACHE_MISS] Cache miss in cache "EXPRESSION_CACHE" for key "spel|review.user.username".
2025-05-29T08:06:30.681+03:00 TRACE 4400 --- [           main] o.t.T.cache.EXPRESSION_CACHE             : [THYMELEAF][main][EXPRESSION_CACHE][CACHE_ADD][15] Adding cache entry in cache "EXPRESSION_CACHE" for key "spel|review.user.username". New size is 15.
2025-05-29T08:06:30.681+03:00 TRACE 4400 --- [           main] o.t.T.cache.EXPRESSION_CACHE             : [THYMELEAF][main][EXPRESSION_CACHE][CACHE_MISS] Cache miss in cache "EXPRESSION_CACHE" for key "expr|${#temporals.format(review.createdAt, 'dd MMM yyyy HH:mm')}".
2025-05-29T08:06:30.681+03:00 TRACE 4400 --- [           main] o.t.T.cache.EXPRESSION_CACHE             : [THYMELEAF][main][EXPRESSION_CACHE][CACHE_ADD][16] Adding cache entry in cache "EXPRESSION_CACHE" for key "expr|${#temporals.format(review.createdAt, 'dd MMM yyyy HH:mm')}". New size is 16.
2025-05-29T08:06:30.681+03:00 TRACE 4400 --- [           main] o.t.s.expression.VariableExpression      : [THYMELEAF][main] Evaluating variable expression: "${#temporals.format(review.createdAt, 'dd MMM yyyy HH:mm')}"
2025-05-29T08:06:30.681+03:00 TRACE 4400 --- [           main] o.t.s.e.SPELVariableExpressionEvaluator  : [THYMELEAF][main] SpringEL expression: evaluating expression "#temporals.format(review.createdAt, 'dd MMM yyyy HH:mm')" on target
2025-05-29T08:06:30.681+03:00 TRACE 4400 --- [           main] o.t.T.cache.EXPRESSION_CACHE             : [THYMELEAF][main][EXPRESSION_CACHE][CACHE_MISS] Cache miss in cache "EXPRESSION_CACHE" for key "spel|#temporals.format(review.createdAt, 'dd MMM yyyy HH:mm')".
2025-05-29T08:06:30.681+03:00 TRACE 4400 --- [           main] o.t.T.cache.EXPRESSION_CACHE             : [THYMELEAF][main][EXPRESSION_CACHE][CACHE_ADD][17] Adding cache entry in cache "EXPRESSION_CACHE" for key "spel|#temporals.format(review.createdAt, 'dd MMM yyyy HH:mm')". New size is 17.
2025-05-29T08:06:30.755+03:00 TRACE 4400 --- [           main] o.t.T.cache.EXPRESSION_CACHE             : [THYMELEAF][main][EXPRESSION_CACHE][CACHE_MISS] Cache miss in cache "EXPRESSION_CACHE" for key "expr|@{/books}".
2025-05-29T08:06:30.755+03:00 TRACE 4400 --- [           main] o.t.T.cache.EXPRESSION_CACHE             : [THYMELEAF][main][EXPRESSION_CACHE][CACHE_ADD][18] Adding cache entry in cache "EXPRESSION_CACHE" for key "expr|@{/books}". New size is 18.
2025-05-29T08:06:30.755+03:00 TRACE 4400 --- [           main] o.t.standard.expression.LinkExpression   : [THYMELEAF][main] Evaluating link: "@{'/books'}"
2025-05-29T08:06:30.755+03:00 TRACE 4400 --- [           main] o.t.s.expression.TextLiteralExpression   : [THYMELEAF][main] Evaluating text literal: "'/books'"
2025-05-29T08:06:30.756+03:00 TRACE 4400 --- [           main] o.t.T.cache.EXPRESSION_CACHE             : [THYMELEAF][main][EXPRESSION_CACHE][CACHE_MISS] Cache miss in cache "EXPRESSION_CACHE" for key "expr|${reviewPage.totalPages > 1}".
2025-05-29T08:06:30.756+03:00 TRACE 4400 --- [           main] o.t.T.cache.EXPRESSION_CACHE             : [THYMELEAF][main][EXPRESSION_CACHE][CACHE_ADD][19] Adding cache entry in cache "EXPRESSION_CACHE" for key "expr|${reviewPage.totalPages > 1}". New size is 19.
2025-05-29T08:06:30.756+03:00 TRACE 4400 --- [           main] o.t.s.expression.VariableExpression      : [THYMELEAF][main] Evaluating variable expression: "${reviewPage.totalPages > 1}"
2025-05-29T08:06:30.756+03:00 TRACE 4400 --- [           main] o.t.s.e.SPELVariableExpressionEvaluator  : [THYMELEAF][main] SpringEL expression: evaluating expression "reviewPage.totalPages > 1" on target
2025-05-29T08:06:30.756+03:00 TRACE 4400 --- [           main] o.t.T.cache.EXPRESSION_CACHE             : [THYMELEAF][main][EXPRESSION_CACHE][CACHE_MISS] Cache miss in cache "EXPRESSION_CACHE" for key "spel|reviewPage.totalPages > 1".
2025-05-29T08:06:30.757+03:00 TRACE 4400 --- [           main] o.t.T.cache.EXPRESSION_CACHE             : [THYMELEAF][main][EXPRESSION_CACHE][CACHE_ADD][20] Adding cache entry in cache "EXPRESSION_CACHE" for key "spel|reviewPage.totalPages > 1". New size is 20.
2025-05-29T08:06:30.758+03:00 TRACE 4400 --- [           main] org.thymeleaf.TemplateEngine             : [THYMELEAF][main] FINISHED PROCESS AND OUTPUT OF TEMPLATE "view-reviews" WITH LOCALE en
2025-05-29T08:06:30.758+03:00 TRACE 4400 --- [           main] org.thymeleaf.TemplateEngine.TIMER       : [THYMELEAF][main][view-reviews][en][88663000][89] TEMPLATE "view-reviews" WITH LOCALE en PROCESSED IN 88663000 nanoseconds (approx. 89ms)
]]></system-out>
  </testcase>
</testsuite>